11-Jan-2025 16:10:12.760 INFO [main] org.apache.catalina.startup.VersionLoggerListener.log 서버 버전 이름:    Apache Tomcat/9.0.98
11-Jan-2025 16:10:12.765 INFO [main] org.apache.catalina.startup.VersionLoggerListener.log Server 빌드 시각:  Dec 5 2024 19:50:29 UTC
11-Jan-2025 16:10:12.765 INFO [main] org.apache.catalina.startup.VersionLoggerListener.log Server 버전 번호:  9.0.98.0
11-Jan-2025 16:10:12.765 INFO [main] org.apache.catalina.startup.VersionLoggerListener.log 운영체제 이름:     Windows 11
11-Jan-2025 16:10:12.766 INFO [main] org.apache.catalina.startup.VersionLoggerListener.log 운영체제 버전:     10.0
11-Jan-2025 16:10:12.767 INFO [main] org.apache.catalina.startup.VersionLoggerListener.log 아키텍처:          amd64
11-Jan-2025 16:10:12.767 INFO [main] org.apache.catalina.startup.VersionLoggerListener.log 자바 홈:           C:\Program Files\Java\jdk-19
11-Jan-2025 16:10:12.768 INFO [main] org.apache.catalina.startup.VersionLoggerListener.log JVM 버전:          19.0.2+7-44
11-Jan-2025 16:10:12.768 INFO [main] org.apache.catalina.startup.VersionLoggerListener.log JVM 벤더:          Oracle Corporation
11-Jan-2025 16:10:12.768 INFO [main] org.apache.catalina.startup.VersionLoggerListener.log CATALINA_BASE:     F:\study\spring\spring_course_project
11-Jan-2025 16:10:12.768 INFO [main] org.apache.catalina.startup.VersionLoggerListener.log CATALINA_HOME:     C:\Users\82106\Downloads\apache-tomcat-9.0.98
11-Jan-2025 16:10:12.780 INFO [main] org.apache.catalina.startup.VersionLoggerListener.log 명령 행 아규먼트:  --add-opens=java.base/java.lang=ALL-UNNAMED
11-Jan-2025 16:10:12.780 INFO [main] org.apache.catalina.startup.VersionLoggerListener.log 명령 행 아규먼트:  --add-opens=java.base/java.io=ALL-UNNAMED
11-Jan-2025 16:10:12.780 INFO [main] org.apache.catalina.startup.VersionLoggerListener.log 명령 행 아규먼트:  --add-opens=java.base/java.util=ALL-UNNAMED
11-Jan-2025 16:10:12.780 INFO [main] org.apache.catalina.startup.VersionLoggerListener.log 명령 행 아규먼트:  --add-opens=java.base/java.util.concurrent=ALL-UNNAMED
11-Jan-2025 16:10:12.780 INFO [main] org.apache.catalina.startup.VersionLoggerListener.log 명령 행 아규먼트:  --add-opens=java.rmi/sun.rmi.transport=ALL-UNNAMED
11-Jan-2025 16:10:12.781 INFO [main] org.apache.catalina.startup.VersionLoggerListener.log 명령 행 아규먼트:  -Dcatalina.home=C:\Users\82106\Downloads\apache-tomcat-9.0.98
11-Jan-2025 16:10:12.781 INFO [main] org.apache.catalina.startup.VersionLoggerListener.log 명령 행 아규먼트:  -Dcatalina.base=F:\study\spring\spring_course_project
11-Jan-2025 16:10:12.781 INFO [main] org.apache.catalina.startup.VersionLoggerListener.log 명령 행 아규먼트:  -Djava.io.tmpdir=F:\study\spring\spring_course_project\temp
11-Jan-2025 16:10:12.781 INFO [main] org.apache.catalina.startup.VersionLoggerListener.log 명령 행 아규먼트:  -Djava.util.logging.config.file=F:\study\spring\spring_course_project\conf\logging.properties
11-Jan-2025 16:10:12.781 INFO [main] org.apache.catalina.startup.VersionLoggerListener.log 명령 행 아규먼트:  -Djava.util.logging.manager=org.apache.juli.ClassLoaderLogManager
11-Jan-2025 16:10:12.782 INFO [main] org.apache.catalina.startup.VersionLoggerListener.log 명령 행 아규먼트:  -javaagent:C:\Program Files\JetBrains\IntelliJ IDEA 2024.2.4\lib\idea_rt.jar=8725:C:\Program Files\JetBrains\IntelliJ IDEA 2024.2.4\bin
11-Jan-2025 16:10:12.782 INFO [main] org.apache.catalina.startup.VersionLoggerListener.log 명령 행 아규먼트:  -Dfile.encoding=UTF-8
11-Jan-2025 16:10:12.782 INFO [main] org.apache.catalina.startup.VersionLoggerListener.log 명령 행 아규먼트:  -Dsun.stdout.encoding=UTF-8
11-Jan-2025 16:10:12.782 INFO [main] org.apache.catalina.startup.VersionLoggerListener.log 명령 행 아규먼트:  -Dsun.stderr.encoding=UTF-8
11-Jan-2025 16:10:12.789 INFO [main] org.apache.catalina.core.AprLifecycleListener.lifecycleEvent APR 버전 [1.7.4]을(를) 사용한, APR 기반 Apache Tomcat Native 라이브러리 [1.3.1]을(를) 로드했습니다.
11-Jan-2025 16:10:12.789 INFO [main] org.apache.catalina.core.AprLifecycleListener.lifecycleEvent APR 용량정보들: IPv6 [true], sendfile [true], accept filters [false], random [true], UDS [true].
11-Jan-2025 16:10:12.789 INFO [main] org.apache.catalina.core.AprLifecycleListener.lifecycleEvent APR/OpenSSL 설정: useAprConnector [false], useOpenSSL [true]
11-Jan-2025 16:10:12.803 INFO [main] org.apache.catalina.core.AprLifecycleListener.initializeSSL OpenSSL이 성공적으로 초기화되었습니다: [OpenSSL 3.0.14 4 Jun 2024]
11-Jan-2025 16:10:13.290 INFO [main] org.apache.coyote.AbstractProtocol.init 프로토콜 핸들러 ["http-nio-8080"]을(를) 초기화합니다.
11-Jan-2025 16:10:13.319 INFO [main] org.apache.catalina.startup.Catalina.load [944] 밀리초 내에 서버가 초기화되었습니다.
11-Jan-2025 16:10:13.446 INFO [main] org.apache.catalina.core.StandardService.startInternal 서비스 [Catalina]을(를) 시작합니다.
11-Jan-2025 16:10:13.447 INFO [main] org.apache.catalina.core.StandardEngine.startInternal 서버 엔진을 시작합니다: [Apache Tomcat/9.0.98]
11-Jan-2025 16:10:13.473 INFO [main] org.apache.catalina.startup.HostConfig.deployDescriptor 배치 descriptor [F:\study\spring\spring_course_project\conf\Catalina\localhost\Spring1.xml]을(를) 배치합니다.
11-Jan-2025 16:10:17.348 INFO [main] org.apache.jasper.servlet.TldScanner.scanJars 적어도 하나의 JAR가 TLD들을 찾기 위해 스캔되었으나 아무 것도 찾지 못했습니다. 스캔했으나 TLD가 없는 JAR들의 전체 목록을 보시려면, 로그 레벨을 디버그 레벨로 설정하십시오. 스캔 과정에서 불필요한 JAR들을 건너뛰면, 시스템 시작 시간과 JSP 컴파일 시간을 단축시킬 수 있습니다.
11-Jan-2025 16:10:19.040 WARNING [main] org.apache.catalina.util.SessionIdGeneratorBase.createSecureRandom [SHA1PRNG] 알고리즘을 사용하여, 세션 ID를 생성하기 위한 SecureRandom 객체를 생성하는데, [158] 밀리초가 소요됐습니다.
11-Jan-2025 16:10:22.134 INFO [main] org.apache.catalina.startup.HostConfig.deployDescriptor 배치 descriptor [F:\study\spring\spring_course_project\conf\Catalina\localhost\Spring1.xml]의 배치가 [8,662] 밀리초 내에 완료되었습니다.
11-Jan-2025 16:10:22.146 INFO [main] org.apache.coyote.AbstractProtocol.start 프로토콜 핸들러 ["http-nio-8080"]을(를) 시작합니다.
11-Jan-2025 16:10:22.335 INFO [main] org.apache.catalina.startup.Catalina.start 서버가 [9013] 밀리초 내에 시작되었습니다.
