10-Jan-2025 15:55:51.448 정보 [main] org.apache.catalina.startup.VersionLoggerListener.log 서버 버전 이름:    Apache Tomcat/9.0.98
10-Jan-2025 15:55:51.451 정보 [main] org.apache.catalina.startup.VersionLoggerListener.log Server 빌드 시각:  Dec 5 2024 19:50:29 UTC
10-Jan-2025 15:55:51.452 정보 [main] org.apache.catalina.startup.VersionLoggerListener.log Server 버전 번호:  9.0.98.0
10-Jan-2025 15:55:51.452 정보 [main] org.apache.catalina.startup.VersionLoggerListener.log 운영체제 이름:     Windows 11
10-Jan-2025 15:55:51.452 정보 [main] org.apache.catalina.startup.VersionLoggerListener.log 운영체제 버전:     10.0
10-Jan-2025 15:55:51.452 정보 [main] org.apache.catalina.startup.VersionLoggerListener.log 아키텍처:          amd64
10-Jan-2025 15:55:51.452 정보 [main] org.apache.catalina.startup.VersionLoggerListener.log 자바 홈:           C:\Users\JUYOUNG\.jdks\corretto-17.0.13
10-Jan-2025 15:55:51.452 정보 [main] org.apache.catalina.startup.VersionLoggerListener.log JVM 버전:          17.0.13+11-LTS
10-Jan-2025 15:55:51.452 정보 [main] org.apache.catalina.startup.VersionLoggerListener.log JVM 벤더:          Amazon.com Inc.
10-Jan-2025 15:55:51.452 정보 [main] org.apache.catalina.startup.VersionLoggerListener.log CATALINA_BASE:     C:\spring_course_project
10-Jan-2025 15:55:51.453 정보 [main] org.apache.catalina.startup.VersionLoggerListener.log CATALINA_HOME:     C:\Users\apache-tomcat-9.0.98
10-Jan-2025 15:55:51.461 정보 [main] org.apache.catalina.startup.VersionLoggerListener.log 명령 행 아규먼트:  --add-opens=java.base/java.lang=ALL-UNNAMED
10-Jan-2025 15:55:51.462 정보 [main] org.apache.catalina.startup.VersionLoggerListener.log 명령 행 아규먼트:  --add-opens=java.base/java.io=ALL-UNNAMED
10-Jan-2025 15:55:51.462 정보 [main] org.apache.catalina.startup.VersionLoggerListener.log 명령 행 아규먼트:  --add-opens=java.base/java.util=ALL-UNNAMED
10-Jan-2025 15:55:51.462 정보 [main] org.apache.catalina.startup.VersionLoggerListener.log 명령 행 아규먼트:  --add-opens=java.base/java.util.concurrent=ALL-UNNAMED
10-Jan-2025 15:55:51.462 정보 [main] org.apache.catalina.startup.VersionLoggerListener.log 명령 행 아규먼트:  --add-opens=java.rmi/sun.rmi.transport=ALL-UNNAMED
10-Jan-2025 15:55:51.462 정보 [main] org.apache.catalina.startup.VersionLoggerListener.log 명령 행 아규먼트:  -Dcatalina.home=C:\Users\apache-tomcat-9.0.98
10-Jan-2025 15:55:51.462 정보 [main] org.apache.catalina.startup.VersionLoggerListener.log 명령 행 아규먼트:  -Dcatalina.base=C:\spring_course_project
10-Jan-2025 15:55:51.462 정보 [main] org.apache.catalina.startup.VersionLoggerListener.log 명령 행 아규먼트:  -Djava.io.tmpdir=C:\spring_course_project\temp
10-Jan-2025 15:55:51.462 정보 [main] org.apache.catalina.startup.VersionLoggerListener.log 명령 행 아규먼트:  -Djava.util.logging.config.file=C:\spring_course_project\conf\logging.properties
10-Jan-2025 15:55:51.462 정보 [main] org.apache.catalina.startup.VersionLoggerListener.log 명령 행 아규먼트:  -Djava.util.logging.manager=org.apache.juli.ClassLoaderLogManager
10-Jan-2025 15:55:51.462 정보 [main] org.apache.catalina.startup.VersionLoggerListener.log 명령 행 아규먼트:  -javaagent:C:\Program Files\JetBrains\IntelliJ IDEA 2024.3.1\lib\idea_rt.jar=62299:C:\Program Files\JetBrains\IntelliJ IDEA 2024.3.1\bin
10-Jan-2025 15:55:51.463 정보 [main] org.apache.catalina.startup.VersionLoggerListener.log 명령 행 아규먼트:  -Dfile.encoding=UTF-8
10-Jan-2025 15:55:51.467 정보 [main] org.apache.catalina.core.AprLifecycleListener.lifecycleEvent APR 버전 [1.7.4]을(를) 사용한, APR 기반 Apache Tomcat Native 라이브러리 [1.3.1]을(를) 로드했습니다.
10-Jan-2025 15:55:51.467 정보 [main] org.apache.catalina.core.AprLifecycleListener.lifecycleEvent APR 용량정보들: IPv6 [true], sendfile [true], accept filters [false], random [true], UDS [true].
10-Jan-2025 15:55:51.467 정보 [main] org.apache.catalina.core.AprLifecycleListener.lifecycleEvent APR/OpenSSL 설정: useAprConnector [false], useOpenSSL [true]
10-Jan-2025 15:55:51.475 정보 [main] org.apache.catalina.core.AprLifecycleListener.initializeSSL OpenSSL이 성공적으로 초기화되었습니다: [OpenSSL 3.0.14 4 Jun 2024]
10-Jan-2025 15:55:51.776 정보 [main] org.apache.coyote.AbstractProtocol.init 프로토콜 핸들러 ["http-nio-8081"]을(를) 초기화합니다.
10-Jan-2025 15:55:51.796 정보 [main] org.apache.catalina.startup.Catalina.load [565] 밀리초 내에 서버가 초기화되었습니다.
10-Jan-2025 15:55:51.852 정보 [main] org.apache.catalina.core.StandardService.startInternal 서비스 [Catalina]을(를) 시작합니다.
10-Jan-2025 15:55:51.852 정보 [main] org.apache.catalina.core.StandardEngine.startInternal 서버 엔진을 시작합니다: [Apache Tomcat/9.0.98]
10-Jan-2025 15:55:51.865 정보 [main] org.apache.catalina.startup.HostConfig.deployDescriptor 배치 descriptor [C:\spring_course_project\conf\Catalina\localhost\Spring1.xml]을(를) 배치합니다.
10-Jan-2025 15:55:53.749 정보 [main] org.apache.jasper.servlet.TldScanner.scanJars 적어도 하나의 JAR가 TLD들을 찾기 위해 스캔되었으나 아무 것도 찾지 못했습니다. 스캔했으나 TLD가 없는 JAR들의 전체 목록을 보시려면, 로그 레벨을 디버그 레벨로 설정하십시오. 스캔 과정에서 불필요한 JAR들을 건너뛰면, 시스템 시작 시간과 JSP 컴파일 시간을 단축시킬 수 있습니다.
10-Jan-2025 15:55:55.876 정보 [main] org.apache.catalina.startup.HostConfig.deployDescriptor 배치 descriptor [C:\spring_course_project\conf\Catalina\localhost\Spring1.xml]의 배치가 [4,011] 밀리초 내에 완료되었습니다.
10-Jan-2025 15:55:55.879 정보 [main] org.apache.coyote.AbstractProtocol.start 프로토콜 핸들러 ["http-nio-8081"]을(를) 시작합니다.
10-Jan-2025 15:55:55.914 정보 [main] org.apache.catalina.startup.Catalina.start 서버가 [4118] 밀리초 내에 시작되었습니다.
10-Jan-2025 16:11:50.274 정보 [Thread-1] org.apache.coyote.AbstractProtocol.pause 프로토콜 핸들러 ["http-nio-8081"]을(를) 일시 정지 중
10-Jan-2025 16:11:50.458 정보 [Thread-1] org.apache.catalina.core.StandardService.stopInternal 서비스 [Catalina]을(를) 중지시킵니다.
10-Jan-2025 16:11:50.479 정보 [Thread-1] org.apache.coyote.AbstractProtocol.stop 프로토콜 핸들러 ["http-nio-8081"]을(를) 중지시킵니다.
10-Jan-2025 16:11:50.482 정보 [Thread-1] org.apache.coyote.AbstractProtocol.destroy 프로토콜 핸들러 ["http-nio-8081"]을(를) 소멸시킵니다.
10-Jan-2025 16:11:54.584 정보 [main] org.apache.catalina.startup.VersionLoggerListener.log 서버 버전 이름:    Apache Tomcat/9.0.98
10-Jan-2025 16:11:54.589 정보 [main] org.apache.catalina.startup.VersionLoggerListener.log Server 빌드 시각:  Dec 5 2024 19:50:29 UTC
10-Jan-2025 16:11:54.589 정보 [main] org.apache.catalina.startup.VersionLoggerListener.log Server 버전 번호:  9.0.98.0
10-Jan-2025 16:11:54.589 정보 [main] org.apache.catalina.startup.VersionLoggerListener.log 운영체제 이름:     Windows 11
10-Jan-2025 16:11:54.589 정보 [main] org.apache.catalina.startup.VersionLoggerListener.log 운영체제 버전:     10.0
10-Jan-2025 16:11:54.589 정보 [main] org.apache.catalina.startup.VersionLoggerListener.log 아키텍처:          amd64
10-Jan-2025 16:11:54.589 정보 [main] org.apache.catalina.startup.VersionLoggerListener.log 자바 홈:           C:\Users\JUYOUNG\.jdks\corretto-17.0.13
10-Jan-2025 16:11:54.589 정보 [main] org.apache.catalina.startup.VersionLoggerListener.log JVM 버전:          17.0.13+11-LTS
10-Jan-2025 16:11:54.590 정보 [main] org.apache.catalina.startup.VersionLoggerListener.log JVM 벤더:          Amazon.com Inc.
10-Jan-2025 16:11:54.590 정보 [main] org.apache.catalina.startup.VersionLoggerListener.log CATALINA_BASE:     C:\spring_course_project
10-Jan-2025 16:11:54.590 정보 [main] org.apache.catalina.startup.VersionLoggerListener.log CATALINA_HOME:     C:\Users\apache-tomcat-9.0.98
10-Jan-2025 16:11:54.600 정보 [main] org.apache.catalina.startup.VersionLoggerListener.log 명령 행 아규먼트:  --add-opens=java.base/java.lang=ALL-UNNAMED
10-Jan-2025 16:11:54.600 정보 [main] org.apache.catalina.startup.VersionLoggerListener.log 명령 행 아규먼트:  --add-opens=java.base/java.io=ALL-UNNAMED
10-Jan-2025 16:11:54.600 정보 [main] org.apache.catalina.startup.VersionLoggerListener.log 명령 행 아규먼트:  --add-opens=java.base/java.util=ALL-UNNAMED
10-Jan-2025 16:11:54.600 정보 [main] org.apache.catalina.startup.VersionLoggerListener.log 명령 행 아규먼트:  --add-opens=java.base/java.util.concurrent=ALL-UNNAMED
10-Jan-2025 16:11:54.600 정보 [main] org.apache.catalina.startup.VersionLoggerListener.log 명령 행 아규먼트:  --add-opens=java.rmi/sun.rmi.transport=ALL-UNNAMED
10-Jan-2025 16:11:54.600 정보 [main] org.apache.catalina.startup.VersionLoggerListener.log 명령 행 아규먼트:  -Dcatalina.home=C:\Users\apache-tomcat-9.0.98
10-Jan-2025 16:11:54.600 정보 [main] org.apache.catalina.startup.VersionLoggerListener.log 명령 행 아규먼트:  -Dcatalina.base=C:\spring_course_project
10-Jan-2025 16:11:54.600 정보 [main] org.apache.catalina.startup.VersionLoggerListener.log 명령 행 아규먼트:  -Djava.io.tmpdir=C:\spring_course_project\temp
10-Jan-2025 16:11:54.600 정보 [main] org.apache.catalina.startup.VersionLoggerListener.log 명령 행 아규먼트:  -Djava.util.logging.config.file=C:\spring_course_project\conf\logging.properties
10-Jan-2025 16:11:54.601 정보 [main] org.apache.catalina.startup.VersionLoggerListener.log 명령 행 아규먼트:  -Djava.util.logging.manager=org.apache.juli.ClassLoaderLogManager
10-Jan-2025 16:11:54.601 정보 [main] org.apache.catalina.startup.VersionLoggerListener.log 명령 행 아규먼트:  -javaagent:C:\Program Files\JetBrains\IntelliJ IDEA 2024.3.1\lib\idea_rt.jar=59513:C:\Program Files\JetBrains\IntelliJ IDEA 2024.3.1\bin
10-Jan-2025 16:11:54.601 정보 [main] org.apache.catalina.startup.VersionLoggerListener.log 명령 행 아규먼트:  -Dfile.encoding=UTF-8
10-Jan-2025 16:11:54.603 정보 [main] org.apache.catalina.core.AprLifecycleListener.lifecycleEvent APR 버전 [1.7.4]을(를) 사용한, APR 기반 Apache Tomcat Native 라이브러리 [1.3.1]을(를) 로드했습니다.
10-Jan-2025 16:11:54.605 정보 [main] org.apache.catalina.core.AprLifecycleListener.lifecycleEvent APR 용량정보들: IPv6 [true], sendfile [true], accept filters [false], random [true], UDS [true].
10-Jan-2025 16:11:54.605 정보 [main] org.apache.catalina.core.AprLifecycleListener.lifecycleEvent APR/OpenSSL 설정: useAprConnector [false], useOpenSSL [true]
10-Jan-2025 16:11:54.611 정보 [main] org.apache.catalina.core.AprLifecycleListener.initializeSSL OpenSSL이 성공적으로 초기화되었습니다: [OpenSSL 3.0.14 4 Jun 2024]
10-Jan-2025 16:11:54.908 정보 [main] org.apache.coyote.AbstractProtocol.init 프로토콜 핸들러 ["http-nio-8081"]을(를) 초기화합니다.
10-Jan-2025 16:11:54.933 정보 [main] org.apache.catalina.startup.Catalina.load [590] 밀리초 내에 서버가 초기화되었습니다.
10-Jan-2025 16:11:54.998 정보 [main] org.apache.catalina.core.StandardService.startInternal 서비스 [Catalina]을(를) 시작합니다.
10-Jan-2025 16:11:54.998 정보 [main] org.apache.catalina.core.StandardEngine.startInternal 서버 엔진을 시작합니다: [Apache Tomcat/9.0.98]
10-Jan-2025 16:11:55.012 정보 [main] org.apache.catalina.startup.HostConfig.deployDescriptor 배치 descriptor [C:\spring_course_project\conf\Catalina\localhost\Spring1.xml]을(를) 배치합니다.
10-Jan-2025 16:11:57.280 정보 [main] org.apache.jasper.servlet.TldScanner.scanJars 적어도 하나의 JAR가 TLD들을 찾기 위해 스캔되었으나 아무 것도 찾지 못했습니다. 스캔했으나 TLD가 없는 JAR들의 전체 목록을 보시려면, 로그 레벨을 디버그 레벨로 설정하십시오. 스캔 과정에서 불필요한 JAR들을 건너뛰면, 시스템 시작 시간과 JSP 컴파일 시간을 단축시킬 수 있습니다.
10-Jan-2025 16:11:58.903 정보 [main] org.apache.catalina.startup.HostConfig.deployDescriptor 배치 descriptor [C:\spring_course_project\conf\Catalina\localhost\Spring1.xml]의 배치가 [3,890] 밀리초 내에 완료되었습니다.
10-Jan-2025 16:11:58.908 정보 [main] org.apache.coyote.AbstractProtocol.start 프로토콜 핸들러 ["http-nio-8081"]을(를) 시작합니다.
10-Jan-2025 16:11:58.958 정보 [main] org.apache.catalina.startup.Catalina.start 서버가 [4024] 밀리초 내에 시작되었습니다.
10-Jan-2025 16:12:04.450 정보 [Thread-1] org.apache.coyote.AbstractProtocol.pause 프로토콜 핸들러 ["http-nio-8081"]을(를) 일시 정지 중
10-Jan-2025 16:12:04.643 정보 [Thread-1] org.apache.catalina.core.StandardService.stopInternal 서비스 [Catalina]을(를) 중지시킵니다.
10-Jan-2025 16:12:04.664 정보 [Thread-1] org.apache.coyote.AbstractProtocol.stop 프로토콜 핸들러 ["http-nio-8081"]을(를) 중지시킵니다.
10-Jan-2025 16:12:04.677 정보 [Thread-1] org.apache.coyote.AbstractProtocol.destroy 프로토콜 핸들러 ["http-nio-8081"]을(를) 소멸시킵니다.
10-Jan-2025 16:12:06.618 정보 [main] org.apache.catalina.startup.VersionLoggerListener.log 서버 버전 이름:    Apache Tomcat/9.0.98
10-Jan-2025 16:12:06.623 정보 [main] org.apache.catalina.startup.VersionLoggerListener.log Server 빌드 시각:  Dec 5 2024 19:50:29 UTC
10-Jan-2025 16:12:06.623 정보 [main] org.apache.catalina.startup.VersionLoggerListener.log Server 버전 번호:  9.0.98.0
10-Jan-2025 16:12:06.623 정보 [main] org.apache.catalina.startup.VersionLoggerListener.log 운영체제 이름:     Windows 11
10-Jan-2025 16:12:06.624 정보 [main] org.apache.catalina.startup.VersionLoggerListener.log 운영체제 버전:     10.0
10-Jan-2025 16:12:06.624 정보 [main] org.apache.catalina.startup.VersionLoggerListener.log 아키텍처:          amd64
10-Jan-2025 16:12:06.624 정보 [main] org.apache.catalina.startup.VersionLoggerListener.log 자바 홈:           C:\Users\JUYOUNG\.jdks\corretto-17.0.13
10-Jan-2025 16:12:06.624 정보 [main] org.apache.catalina.startup.VersionLoggerListener.log JVM 버전:          17.0.13+11-LTS
10-Jan-2025 16:12:06.624 정보 [main] org.apache.catalina.startup.VersionLoggerListener.log JVM 벤더:          Amazon.com Inc.
10-Jan-2025 16:12:06.624 정보 [main] org.apache.catalina.startup.VersionLoggerListener.log CATALINA_BASE:     C:\spring_course_project
10-Jan-2025 16:12:06.624 정보 [main] org.apache.catalina.startup.VersionLoggerListener.log CATALINA_HOME:     C:\Users\apache-tomcat-9.0.98
10-Jan-2025 16:12:06.634 정보 [main] org.apache.catalina.startup.VersionLoggerListener.log 명령 행 아규먼트:  --add-opens=java.base/java.lang=ALL-UNNAMED
10-Jan-2025 16:12:06.634 정보 [main] org.apache.catalina.startup.VersionLoggerListener.log 명령 행 아규먼트:  --add-opens=java.base/java.io=ALL-UNNAMED
10-Jan-2025 16:12:06.634 정보 [main] org.apache.catalina.startup.VersionLoggerListener.log 명령 행 아규먼트:  --add-opens=java.base/java.util=ALL-UNNAMED
10-Jan-2025 16:12:06.634 정보 [main] org.apache.catalina.startup.VersionLoggerListener.log 명령 행 아규먼트:  --add-opens=java.base/java.util.concurrent=ALL-UNNAMED
10-Jan-2025 16:12:06.634 정보 [main] org.apache.catalina.startup.VersionLoggerListener.log 명령 행 아규먼트:  --add-opens=java.rmi/sun.rmi.transport=ALL-UNNAMED
10-Jan-2025 16:12:06.635 정보 [main] org.apache.catalina.startup.VersionLoggerListener.log 명령 행 아규먼트:  -Dcatalina.home=C:\Users\apache-tomcat-9.0.98
10-Jan-2025 16:12:06.635 정보 [main] org.apache.catalina.startup.VersionLoggerListener.log 명령 행 아규먼트:  -Dcatalina.base=C:\spring_course_project
10-Jan-2025 16:12:06.635 정보 [main] org.apache.catalina.startup.VersionLoggerListener.log 명령 행 아규먼트:  -Djava.io.tmpdir=C:\spring_course_project\temp
10-Jan-2025 16:12:06.635 정보 [main] org.apache.catalina.startup.VersionLoggerListener.log 명령 행 아규먼트:  -Djava.util.logging.config.file=C:\spring_course_project\conf\logging.properties
10-Jan-2025 16:12:06.635 정보 [main] org.apache.catalina.startup.VersionLoggerListener.log 명령 행 아규먼트:  -Djava.util.logging.manager=org.apache.juli.ClassLoaderLogManager
10-Jan-2025 16:12:06.635 정보 [main] org.apache.catalina.startup.VersionLoggerListener.log 명령 행 아규먼트:  -javaagent:C:\Program Files\JetBrains\IntelliJ IDEA 2024.3.1\lib\idea_rt.jar=59521:C:\Program Files\JetBrains\IntelliJ IDEA 2024.3.1\bin
10-Jan-2025 16:12:06.635 정보 [main] org.apache.catalina.startup.VersionLoggerListener.log 명령 행 아규먼트:  -Dfile.encoding=UTF-8
10-Jan-2025 16:12:06.640 정보 [main] org.apache.catalina.core.AprLifecycleListener.lifecycleEvent APR 버전 [1.7.4]을(를) 사용한, APR 기반 Apache Tomcat Native 라이브러리 [1.3.1]을(를) 로드했습니다.
10-Jan-2025 16:12:06.641 정보 [main] org.apache.catalina.core.AprLifecycleListener.lifecycleEvent APR 용량정보들: IPv6 [true], sendfile [true], accept filters [false], random [true], UDS [true].
10-Jan-2025 16:12:06.641 정보 [main] org.apache.catalina.core.AprLifecycleListener.lifecycleEvent APR/OpenSSL 설정: useAprConnector [false], useOpenSSL [true]
10-Jan-2025 16:12:06.649 정보 [main] org.apache.catalina.core.AprLifecycleListener.initializeSSL OpenSSL이 성공적으로 초기화되었습니다: [OpenSSL 3.0.14 4 Jun 2024]
10-Jan-2025 16:12:06.990 정보 [main] org.apache.coyote.AbstractProtocol.init 프로토콜 핸들러 ["http-nio-8081"]을(를) 초기화합니다.
10-Jan-2025 16:12:07.019 정보 [main] org.apache.catalina.startup.Catalina.load [693] 밀리초 내에 서버가 초기화되었습니다.
10-Jan-2025 16:12:07.086 정보 [main] org.apache.catalina.core.StandardService.startInternal 서비스 [Catalina]을(를) 시작합니다.
10-Jan-2025 16:12:07.086 정보 [main] org.apache.catalina.core.StandardEngine.startInternal 서버 엔진을 시작합니다: [Apache Tomcat/9.0.98]
10-Jan-2025 16:12:07.098 정보 [main] org.apache.catalina.startup.HostConfig.deployDescriptor 배치 descriptor [C:\spring_course_project\conf\Catalina\localhost\Spring1.xml]을(를) 배치합니다.
10-Jan-2025 16:12:09.345 정보 [main] org.apache.jasper.servlet.TldScanner.scanJars 적어도 하나의 JAR가 TLD들을 찾기 위해 스캔되었으나 아무 것도 찾지 못했습니다. 스캔했으나 TLD가 없는 JAR들의 전체 목록을 보시려면, 로그 레벨을 디버그 레벨로 설정하십시오. 스캔 과정에서 불필요한 JAR들을 건너뛰면, 시스템 시작 시간과 JSP 컴파일 시간을 단축시킬 수 있습니다.
10-Jan-2025 16:12:10.733 정보 [main] org.apache.catalina.startup.HostConfig.deployDescriptor 배치 descriptor [C:\spring_course_project\conf\Catalina\localhost\Spring1.xml]의 배치가 [3,633] 밀리초 내에 완료되었습니다.
10-Jan-2025 16:12:10.738 정보 [main] org.apache.coyote.AbstractProtocol.start 프로토콜 핸들러 ["http-nio-8081"]을(를) 시작합니다.
10-Jan-2025 16:12:10.794 정보 [main] org.apache.catalina.startup.Catalina.start 서버가 [3774] 밀리초 내에 시작되었습니다.
10-Jan-2025 16:13:13.984 정보 [Thread-1] org.apache.coyote.AbstractProtocol.pause 프로토콜 핸들러 ["http-nio-8081"]을(를) 일시 정지 중
10-Jan-2025 16:13:14.180 정보 [Thread-1] org.apache.catalina.core.StandardService.stopInternal 서비스 [Catalina]을(를) 중지시킵니다.
10-Jan-2025 16:13:14.196 정보 [Thread-1] org.apache.coyote.AbstractProtocol.stop 프로토콜 핸들러 ["http-nio-8081"]을(를) 중지시킵니다.
10-Jan-2025 16:13:14.217 정보 [Thread-1] org.apache.coyote.AbstractProtocol.destroy 프로토콜 핸들러 ["http-nio-8081"]을(를) 소멸시킵니다.
10-Jan-2025 16:13:15.936 정보 [main] org.apache.catalina.startup.VersionLoggerListener.log 서버 버전 이름:    Apache Tomcat/9.0.98
10-Jan-2025 16:13:15.941 정보 [main] org.apache.catalina.startup.VersionLoggerListener.log Server 빌드 시각:  Dec 5 2024 19:50:29 UTC
10-Jan-2025 16:13:15.941 정보 [main] org.apache.catalina.startup.VersionLoggerListener.log Server 버전 번호:  9.0.98.0
10-Jan-2025 16:13:15.941 정보 [main] org.apache.catalina.startup.VersionLoggerListener.log 운영체제 이름:     Windows 11
10-Jan-2025 16:13:15.941 정보 [main] org.apache.catalina.startup.VersionLoggerListener.log 운영체제 버전:     10.0
10-Jan-2025 16:13:15.941 정보 [main] org.apache.catalina.startup.VersionLoggerListener.log 아키텍처:          amd64
10-Jan-2025 16:13:15.941 정보 [main] org.apache.catalina.startup.VersionLoggerListener.log 자바 홈:           C:\Users\JUYOUNG\.jdks\corretto-17.0.13
10-Jan-2025 16:13:15.943 정보 [main] org.apache.catalina.startup.VersionLoggerListener.log JVM 버전:          17.0.13+11-LTS
10-Jan-2025 16:13:15.943 정보 [main] org.apache.catalina.startup.VersionLoggerListener.log JVM 벤더:          Amazon.com Inc.
10-Jan-2025 16:13:15.943 정보 [main] org.apache.catalina.startup.VersionLoggerListener.log CATALINA_BASE:     C:\spring_course_project
10-Jan-2025 16:13:15.943 정보 [main] org.apache.catalina.startup.VersionLoggerListener.log CATALINA_HOME:     C:\Users\apache-tomcat-9.0.98
10-Jan-2025 16:13:15.952 정보 [main] org.apache.catalina.startup.VersionLoggerListener.log 명령 행 아규먼트:  --add-opens=java.base/java.lang=ALL-UNNAMED
10-Jan-2025 16:13:15.953 정보 [main] org.apache.catalina.startup.VersionLoggerListener.log 명령 행 아규먼트:  --add-opens=java.base/java.io=ALL-UNNAMED
10-Jan-2025 16:13:15.953 정보 [main] org.apache.catalina.startup.VersionLoggerListener.log 명령 행 아규먼트:  --add-opens=java.base/java.util=ALL-UNNAMED
10-Jan-2025 16:13:15.953 정보 [main] org.apache.catalina.startup.VersionLoggerListener.log 명령 행 아규먼트:  --add-opens=java.base/java.util.concurrent=ALL-UNNAMED
10-Jan-2025 16:13:15.953 정보 [main] org.apache.catalina.startup.VersionLoggerListener.log 명령 행 아규먼트:  --add-opens=java.rmi/sun.rmi.transport=ALL-UNNAMED
10-Jan-2025 16:13:15.953 정보 [main] org.apache.catalina.startup.VersionLoggerListener.log 명령 행 아규먼트:  -Dcatalina.home=C:\Users\apache-tomcat-9.0.98
10-Jan-2025 16:13:15.953 정보 [main] org.apache.catalina.startup.VersionLoggerListener.log 명령 행 아규먼트:  -Dcatalina.base=C:\spring_course_project
10-Jan-2025 16:13:15.953 정보 [main] org.apache.catalina.startup.VersionLoggerListener.log 명령 행 아규먼트:  -Djava.io.tmpdir=C:\spring_course_project\temp
10-Jan-2025 16:13:15.954 정보 [main] org.apache.catalina.startup.VersionLoggerListener.log 명령 행 아규먼트:  -Djava.util.logging.config.file=C:\spring_course_project\conf\logging.properties
10-Jan-2025 16:13:15.954 정보 [main] org.apache.catalina.startup.VersionLoggerListener.log 명령 행 아규먼트:  -Djava.util.logging.manager=org.apache.juli.ClassLoaderLogManager
10-Jan-2025 16:13:15.954 정보 [main] org.apache.catalina.startup.VersionLoggerListener.log 명령 행 아규먼트:  -javaagent:C:\Program Files\JetBrains\IntelliJ IDEA 2024.3.1\lib\idea_rt.jar=59563:C:\Program Files\JetBrains\IntelliJ IDEA 2024.3.1\bin
10-Jan-2025 16:13:15.954 정보 [main] org.apache.catalina.startup.VersionLoggerListener.log 명령 행 아규먼트:  -Dfile.encoding=UTF-8
10-Jan-2025 16:13:15.958 정보 [main] org.apache.catalina.core.AprLifecycleListener.lifecycleEvent APR 버전 [1.7.4]을(를) 사용한, APR 기반 Apache Tomcat Native 라이브러리 [1.3.1]을(를) 로드했습니다.
10-Jan-2025 16:13:15.958 정보 [main] org.apache.catalina.core.AprLifecycleListener.lifecycleEvent APR 용량정보들: IPv6 [true], sendfile [true], accept filters [false], random [true], UDS [true].
10-Jan-2025 16:13:15.958 정보 [main] org.apache.catalina.core.AprLifecycleListener.lifecycleEvent APR/OpenSSL 설정: useAprConnector [false], useOpenSSL [true]
10-Jan-2025 16:13:15.965 정보 [main] org.apache.catalina.core.AprLifecycleListener.initializeSSL OpenSSL이 성공적으로 초기화되었습니다: [OpenSSL 3.0.14 4 Jun 2024]
10-Jan-2025 16:13:16.278 정보 [main] org.apache.coyote.AbstractProtocol.init 프로토콜 핸들러 ["http-nio-8081"]을(를) 초기화합니다.
10-Jan-2025 16:13:16.302 정보 [main] org.apache.catalina.startup.Catalina.load [676] 밀리초 내에 서버가 초기화되었습니다.
10-Jan-2025 16:13:16.362 정보 [main] org.apache.catalina.core.StandardService.startInternal 서비스 [Catalina]을(를) 시작합니다.
10-Jan-2025 16:13:16.362 정보 [main] org.apache.catalina.core.StandardEngine.startInternal 서버 엔진을 시작합니다: [Apache Tomcat/9.0.98]
10-Jan-2025 16:13:16.377 정보 [main] org.apache.catalina.startup.HostConfig.deployDescriptor 배치 descriptor [C:\spring_course_project\conf\Catalina\localhost\Spring1.xml]을(를) 배치합니다.
10-Jan-2025 16:13:18.542 정보 [main] org.apache.jasper.servlet.TldScanner.scanJars 적어도 하나의 JAR가 TLD들을 찾기 위해 스캔되었으나 아무 것도 찾지 못했습니다. 스캔했으나 TLD가 없는 JAR들의 전체 목록을 보시려면, 로그 레벨을 디버그 레벨로 설정하십시오. 스캔 과정에서 불필요한 JAR들을 건너뛰면, 시스템 시작 시간과 JSP 컴파일 시간을 단축시킬 수 있습니다.
10-Jan-2025 16:13:19.997 정보 [main] org.apache.catalina.startup.HostConfig.deployDescriptor 배치 descriptor [C:\spring_course_project\conf\Catalina\localhost\Spring1.xml]의 배치가 [3,622] 밀리초 내에 완료되었습니다.
10-Jan-2025 16:13:20.002 정보 [main] org.apache.coyote.AbstractProtocol.start 프로토콜 핸들러 ["http-nio-8081"]을(를) 시작합니다.
10-Jan-2025 16:13:20.059 정보 [main] org.apache.catalina.startup.Catalina.start 서버가 [3756] 밀리초 내에 시작되었습니다.
10-Jan-2025 17:04:22.666 정보 [Thread-1] org.apache.coyote.AbstractProtocol.pause 프로토콜 핸들러 ["http-nio-8081"]을(를) 일시 정지 중
10-Jan-2025 17:04:22.832 정보 [Thread-1] org.apache.catalina.core.StandardService.stopInternal 서비스 [Catalina]을(를) 중지시킵니다.
10-Jan-2025 17:04:22.858 정보 [Thread-1] org.apache.coyote.AbstractProtocol.stop 프로토콜 핸들러 ["http-nio-8081"]을(를) 중지시킵니다.
10-Jan-2025 17:04:22.875 정보 [Thread-1] org.apache.coyote.AbstractProtocol.destroy 프로토콜 핸들러 ["http-nio-8081"]을(를) 소멸시킵니다.
